F:\Next\admin-dashboard\node_modules\@prisma\client\src\runtime\getPrismaClient.ts:260
        throw new PrismaClientInitializationError(
              ^
PrismaClientInitializationError: `PrismaClient` needs to be constructed with a non-empty, valid `PrismaClientOptions`:

```
new PrismaClient({
  ...
})
```

or

```
constructor() {
  super({ ... });
}
```
          
    at new t (F:\Next\admin-dashboard\node_modules\@prisma\client\src\runtime\getPrismaClient.ts:260:15)
    at file:///F:/Next/admin-dashboard/src/scripts/restore-admin.ts:6:16
    at ModuleJob.run (node:internal/modules/esm/module_job:377:25)
    at async onImport.tracePromise.__proto__ (node:internal/modules/esm/loader:691:26)
    at async asyncRunEntryPointWithESMLoader (node:internal/modules/run_main:101:5) {
  clientVersion: '7.4.1',
  errorCode: undefined,
  retryable: undefined
}
